stopping the following units: systemd-modules-load.service, systemd-sysctl.service, systemd-tmpfiles-resetup.service
activating the configuration...
setting up /etc...
reloading user units for zack...
dbus-update-activation-environment: error: unable to connect to D-Bus: Unable to autolaunch a dbus-daemon without a $DISPLAY for X11
/etc/profile: line 18: gnome-keyring-daemon: command not found
Agent pid 24617
restarting sysinit-reactivation.target
reloading the following units: dbus.service
restarting the following units: polkit.service
starting the following units: systemd-modules-load.service, systemd-sysctl.service, systemd-tmpfiles-resetup.service
the following new units were started: NetworkManager-dispatcher.service, docker.service, docker.socket, libvirt-guests.service, libvirtd-admin.socket, libvirtd-ro.socket, libvirtd.service, libvirtd.socket, machine.slice, sys-devices-virtual-net-docker0.device, sys-subsystem-net-devices-docker0.device, systemd-machined.service, virt-guest-shutdown.target, virtlockd.socket, virtlogd.socket
c6xdlzljsj4hkc8z79c37qr-etc-shells.drv
  /nix/store/7kys2rrk3s1mxpd65fmvcasvyqwcava3-etc-qemu-bridge.conf.drv
  /nix/store/91a8kf6gxg0kwcpxjh4rikryrm2jdsxf-etc-zshenv.drv
  /nix/store/d6bqnvyy921338njj467yz45jwz0k92g-etc-zshrc.drv
  /nix/store/dww6ha5ffmm95dx5k69vbv3m080gk4bh-etc-polkit-1-rules.d-10-nixos.rules.drv
  /nix/store/ggyn6lk07wigrsvp81h5z7kdfpl5wc4w-etc-zprofile.drv
  /nix/store/8lv4fhas0qfdy891rpssq1swdyba8g7k-unit-libvirt-guests.service.drv
  /nix/store/bld59a3hah8gl3652ggi6g35r8cwxg09-qemu-ovmf.drv
  /nix/store/n74hrcx76khd0qvvx5dlg7qgxgqx0dm1-qemu.conf.drv
  /nix/store/jn4vqa27bjivg764y3h0qjyr3jgp9ns8-unit-script-libvirtd-config-start.drv
  /nix/store/cqzyjj278kvi5djakby3l17c5yby0nka-unit-libvirtd-config.service.drv
  /nix/store/cxnabhyrrq4l5kjb3nlyn1k39ivxwfhg-unit-virtlockd.service.drv
  /nix/store/d3ivw90ql29aayi5kifl0mzjrwd4fai6-unit-libvirtd.socket.drv
  /nix/store/gidw28gi4kpv0r420dhyfgcxn5xrhkv6-unit-virtlogd.service.drv
  /nix/store/wdlqy7fzlfpnv3j3dyba1bdhqsv4kk5r-X-Restart-Triggers-dbus.drv
  /nix/store/hb3rjlp93llji1s9rgws0ms81g60zf2m-unit-dbus.service.drv
  /nix/store/xiif8f5shza34iiyf8p09x7qjsbiik41-libvirtd.conf.drv
  /nix/store/hxm0lm8z94221z8x8jswi324rhygx2p2-unit-libvirtd.service.drv
  /nix/store/ijqnibvskfl5d1f66fy71n06wbjz6xff-unit-docker.service.drv
  /nix/store/rwxggz2qzlcanxbwi2sqxpaipr0s6321-etc-sysctl.d-60-nixos.conf.drv
  /nix/store/ncqnd8rbhmb5ly2zk1n80c429i42951p-X-Restart-Triggers-systemd-sysctl.drv
  /nix/store/injxwal0134z4rys1lniv47595v55qj9-unit-systemd-sysctl.service.drv
  /nix/store/q5h46iiq23cgbjgvn9ms5drglpq1scnx-unit-docker.socket.drv
  /nix/store/gjsqhrwmiyr5h5lmp1mra7c3n8ybalm8-unit-script-suid-sgid-wrappers-start.drv
  /nix/store/s8svkjwl2v7zmz95y22xfy51h9sm5lkr-unit-suid-sgid-wrappers.service.drv
  /nix/store/wb2wfxxmybig222ck98c17pjhvy126yb-unit-docker-prune.service.drv
  /nix/store/wkqszzzry6l9jw2prd85gdb122havrir-unit-systemd-tmpfiles-resetup.service.drv
  /nix/store/x5v74n3gcz6rx90jyz62pzlxpcdbvv3l-unit-polkit.service.drv
  /nix/store/y1ppjqc05rhxlisglfy8dx3dm8lbphmn-unit-virtchd.service.drv
  /nix/store/y7k6m2xkryih05dab5il6sr8bkjrln0v-unit-virtlogd.socket.drv
  /nix/store/ypwkb4g4mmaj8mqf06fnphl2s2cxrxlh-unit-virtlockd.socket.drv
  /nix/store/gzz845yr7pnml9m4aibbl1fqdcmcjiip-system-units.drv
  /nix/store/hy0jlknx1nn5937gh930lpq0l2r5mxwx-system-shutdown.drv
  /nix/store/kiq4hfcj78gizc9dw9wcc2jg4vi024gl-system-generators.drv
  /nix/store/vy70d92inx7b330c4jb5kdm52c30acqs-unit-dbus.service.drv
  /nix/store/mxiv2alr518idig0v9n0wyhb5n5pr1xl-user-units.drv
  /nix/store/yv7vayv901s3m5m4h1hpf0qx20xz8vix-etc-zinputrc.drv
  /nix/store/z84j89ijsgvqk9hfcqjji078zlflrw05-user-environment.drv
  /nix/store/qg5d1bm50454gh4mvcb287a209h1rbsv-etc.drv
  /nix/store/r42pjf4zh675n143yb3j879da5cbzp4i-users-groups.json.drv
  /nix/store/5zrfsfk69yw856jbv4rl7a28wz46iinz-nixos-system-earth-24.05.20240228.9099616.drv
these 32 paths will be fetched (235.24 MiB download, 1314.97 MiB unpacked):
  /nix/store/1xgd1nks12jmq1f9s17l66kg7xql36b6-OVMF-202402-fd
  /nix/store/sw67ryzgh3dpvwssz99s70bx357wp6gl-bridge-utils-1.7.1
  /nix/store/ipvq20n7j97a7qyl303wvq1lh3y2ncni-cloud-hypervisor-38.0
  /nix/store/x1ww2hp79kcnaymdc5pm96rsmkrcns5f-daemon.json
  /nix/store/pkcm9qra9c1whpsbjfwzyl0jsyv2phc8-dmidecode-3.5
  /nix/store/0kkrjrgkq3h9nsnh0j03c3xp33rj3l3l-docker-24.0.5
  /nix/store/i0jany2qfls3bghm65jh8075qxdd4dgb-docker-buildx-0.12.1
  /nix/store/rq7qllii1lp90y60j7xfchlvi8wq9gg0-docker-compose-2.24.6
  /nix/store/4zjgvqrhwn24v6g1gclz2mzv6bpdhvss-docker-containerd-24.0.5
  /nix/store/5pa967p6mm7i1rwxl0x224jn820fq897-docker-init-24.0.5
  /nix/store/vkmgkcys1n2b7r7dxp8sl09ml62vqfxk-docker-plugins
  /nix/store/4wvgmc83wp0a3af6v7ymfkbmfwcym2vk-docker-proxy-unstable-2020-12-15
  /nix/store/xzpmzb44gv334byprb41msmqpcr7bjaw-docker-runc-24.0.5
  /nix/store/qb348xhna8ykyr8mhd56fy1n5f9y857j-fuse-overlayfs-1.13
  /nix/store/qv5yjrnpm7vzippy2wszdl1vnjnymjg9-hostname-net-tools-2.10
  /nix/store/x7pvy5q6x8nmd19vz2rm58xk46h6qiz3-libvirt-10.0.0
  /nix/store/lswhk1ckghmh2vpks222cl4bsx25ph6a-moby-24.0.5
  /nix/store/9aq9dyv5rz4cw7xsb3cypl8x2l855g4c-nfs-utils-2.6.2
  /nix/store/n941rqrna1sg0n7ynnc6mcj9kzynqvp6-nfs-utils-2.6.2-lib
  /nix/store/7vsnnz3a5nwnd4y3vh79jd54y77ivj63-numad-0.5
  /nix/store/1riqpfvcxfm40pd43n6qzx20lm6sv882-pm-utils-1.4.1
  /nix/store/4ml8462gfjppy77y7dk1s3qqha071r3x-qemu-8.2.1
  /nix/store/q7d9719b5gnyll36ng5jxwvlr4db9hxm-qemu-8.2.1-ga
  /nix/store/bd2q4pcg770vs7jc13kw6302vf6krwld-rootlesskit-1.1.1
  /nix/store/mygwwfxzvhijn64jbhmasvw46yy6vxx6-security-wrapper-qemu-bridge-helper-x86_64-unknown-linux-musl
  /nix/store/wghfd3mlmvvbnk2278f3z9kb76zamxhz-slirp4netns-1.2.3
  /nix/store/rg7a0d5yb80vjrzc1nnvblfsziyz6n79-smartmontools-7.4
  /nix/store/192n5rpspjj3nxkmdwb8sipg8dnnw5hn-sysstat-12.7.4
  /nix/store/3hpbdwz9w6b7jsd855msnn4h6j8s2hzi-yajl-2.1.0-unstable-2024-02-01
  /nix/store/f1yahfrjnq7sdljiakjiyi819igl6ily-zfs-user-2.2.3
  /nix/store/zr7wgshbkdwzizq3v1a4kbfjxc6ssnzr-zsh-5.9-doc
  /nix/store/4khzyb7qyxyp2bljrlyxlbv090svxh4k-zsh-5.9-info
copying path '/nix/store/zr7wgshbkdwzizq3v1a4kbfjxc6ssnzr-zsh-5.9-doc' from 'https://cache.nixos.org'...
copying path '/nix/store/4khzyb7qyxyp2bljrlyxlbv090svxh4k-zsh-5.9-info' from 'https://cache.nixos.org'...
building '/nix/store/r42pjf4zh675n143yb3j879da5cbzp4i-users-groups.json.drv'...
copying path '/nix/store/sw67ryzgh3dpvwssz99s70bx357wp6gl-bridge-utils-1.7.1' from 'https://cache.nixos.org'...
copying path '/nix/store/x1ww2hp79kcnaymdc5pm96rsmkrcns5f-daemon.json' from 'https://cache.nixos.org'...
copying path '/nix/store/pkcm9qra9c1whpsbjfwzyl0jsyv2phc8-dmidecode-3.5' from 'https://cache.nixos.org'...
building '/nix/store/dww6ha5ffmm95dx5k69vbv3m080gk4bh-etc-polkit-1-rules.d-10-nixos.rules.drv'...
building '/nix/store/7kys2rrk3s1mxpd65fmvcasvyqwcava3-etc-qemu-bridge.conf.drv'...
building '/nix/store/rwxggz2qzlcanxbwi2sqxpaipr0s6321-etc-sysctl.d-60-nixos.conf.drv'...
building '/nix/store/yv7vayv901s3m5m4h1hpf0qx20xz8vix-etc-zinputrc.drv'...
building '/nix/store/ggyn6lk07wigrsvp81h5z7kdfpl5wc4w-etc-zprofile.drv'...
building '/nix/store/d6bqnvyy921338njj467yz45jwz0k92g-etc-zshrc.drv'...
building '/nix/store/yac4yffj2phib6xcsgjzpiyyiy162sf2-nixos.conf.drv'...
building '/nix/store/z84j89ijsgvqk9hfcqjji078zlflrw05-user-environment.drv'...
copying path '/nix/store/ipvq20n7j97a7qyl303wvq1lh3y2ncni-cloud-hypervisor-38.0' from 'https://cache.nixos.org'...
copying path '/nix/store/1riqpfvcxfm40pd43n6qzx20lm6sv882-pm-utils-1.4.1' from 'https://cache.nixos.org'...
copying path '/nix/store/7vsnnz3a5nwnd4y3vh79jd54y77ivj63-numad-0.5' from 'https://cache.nixos.org'...
copying path '/nix/store/q7d9719b5gnyll36ng5jxwvlr4db9hxm-qemu-8.2.1-ga' from 'https://cache.nixos.org'...
copying path '/nix/store/3hpbdwz9w6b7jsd855msnn4h6j8s2hzi-yajl-2.1.0-unstable-2024-02-01' from 'https://cache.nixos.org'...
building '/nix/store/q5h46iiq23cgbjgvn9ms5drglpq1scnx-unit-docker.socket.drv'...
building '/nix/store/d3ivw90ql29aayi5kifl0mzjrwd4fai6-unit-libvirtd.socket.drv'...
building '/nix/store/ypwkb4g4mmaj8mqf06fnphl2s2cxrxlh-unit-virtlockd.socket.drv'...
building '/nix/store/y7k6m2xkryih05dab5il6sr8bkjrln0v-unit-virtlogd.socket.drv'...
copying path '/nix/store/1xgd1nks12jmq1f9s17l66kg7xql36b6-OVMF-202402-fd' from 'https://cache.nixos.org'...
copying path '/nix/store/rq7qllii1lp90y60j7xfchlvi8wq9gg0-docker-compose-2.24.6' from 'https://cache.nixos.org'...
copying path '/nix/store/4zjgvqrhwn24v6g1gclz2mzv6bpdhvss-docker-containerd-24.0.5' from 'https://cache.nixos.org'...
copying path '/nix/store/i0jany2qfls3bghm65jh8075qxdd4dgb-docker-buildx-0.12.1' from 'https://cache.nixos.org'...
copying path '/nix/store/5pa967p6mm7i1rwxl0x224jn820fq897-docker-init-24.0.5' from 'https://cache.nixos.org'...
copying path '/nix/store/4wvgmc83wp0a3af6v7ymfkbmfwcym2vk-docker-proxy-unstable-2020-12-15' from 'https://cache.nixos.org'...
building '/nix/store/xiif8f5shza34iiyf8p09x7qjsbiik41-libvirtd.conf.drv'...
building '/nix/store/kjbky0ai3749p2h8rgknvhhk9azgbfr6-vhost-user.drv'...
building '/nix/store/n74hrcx76khd0qvvx5dlg7qgxgqx0dm1-qemu.conf.drv'...
copying path '/nix/store/xzpmzb44gv334byprb41msmqpcr7bjaw-docker-runc-24.0.5' from 'https://cache.nixos.org'...
copying path '/nix/store/qb348xhna8ykyr8mhd56fy1n5f9y857j-fuse-overlayfs-1.13' from 'https://cache.nixos.org'...
copying path '/nix/store/n941rqrna1sg0n7ynnc6mcj9kzynqvp6-nfs-utils-2.6.2-lib' from 'https://cache.nixos.org'...
copying path '/nix/store/qv5yjrnpm7vzippy2wszdl1vnjnymjg9-hostname-net-tools-2.10' from 'https://cache.nixos.org'...
copying path '/nix/store/bd2q4pcg770vs7jc13kw6302vf6krwld-rootlesskit-1.1.1' from 'https://cache.nixos.org'...
copying path '/nix/store/wghfd3mlmvvbnk2278f3z9kb76zamxhz-slirp4netns-1.2.3' from 'https://cache.nixos.org'...
copying path '/nix/store/192n5rpspjj3nxkmdwb8sipg8dnnw5hn-sysstat-12.7.4' from 'https://cache.nixos.org'...
copying path '/nix/store/4ml8462gfjppy77y7dk1s3qqha071r3x-qemu-8.2.1' from 'https://cache.nixos.org'...
building '/nix/store/1hb6s0dhnrhrnlgksbxv06gbj5dlrwk4-X-Restart-Triggers-systemd-modules-load.drv'...
building '/nix/store/ncqnd8rbhmb5ly2zk1n80c429i42951p-X-Restart-Triggers-systemd-sysctl.drv'...
building '/nix/store/70lmy2z8mc6xdlzljsj4hkc8z79c37qr-etc-shells.drv'...
building '/nix/store/91a8kf6gxg0kwcpxjh4rikryrm2jdsxf-etc-zshenv.drv'...
building '/nix/store/bld59a3hah8gl3652ggi6g35r8cwxg09-qemu-ovmf.drv'...
building '/nix/store/y1ppjqc05rhxlisglfy8dx3dm8lbphmn-unit-virtchd.service.drv'...
copying path '/nix/store/vkmgkcys1n2b7r7dxp8sl09ml62vqfxk-docker-plugins' from 'https://cache.nixos.org'...
copying path '/nix/store/rg7a0d5yb80vjrzc1nnvblfsziyz6n79-smartmontools-7.4' from 'https://cache.nixos.org'...
copying path '/nix/store/9aq9dyv5rz4cw7xsb3cypl8x2l855g4c-nfs-utils-2.6.2' from 'https://cache.nixos.org'...
building '/nix/store/6qpgaycs96ngw8071jhy6rj2nz56spg5-nixos-tmpfiles.d.drv'...
building '/nix/store/0dz1d0z5s4xbr61s7p2z6bvsp9xhaif3-unit-systemd-modules-load.service.drv'...
building '/nix/store/injxwal0134z4rys1lniv47595v55qj9-unit-systemd-sysctl.service.drv'...
copying path '/nix/store/f1yahfrjnq7sdljiakjiyi819igl6ily-zfs-user-2.2.3' from 'https://cache.nixos.org'...
copying path '/nix/store/lswhk1ckghmh2vpks222cl4bsx25ph6a-moby-24.0.5' from 'https://cache.nixos.org'...
building '/nix/store/qimp6ii9gcs0kqla8zv3jsqfmpwni9yv-tmpfiles.d.drv'...
building '/nix/store/4ab9i4n5qxysdgjk5sljvnyr5aygkzki-X-Restart-Triggers-systemd-tmpfiles-resetup.drv'...
copying path '/nix/store/x7pvy5q6x8nmd19vz2rm58xk46h6qiz3-libvirt-10.0.0' from 'https://cache.nixos.org'...
building '/nix/store/wkqszzzry6l9jw2prd85gdb122havrir-unit-systemd-tmpfiles-resetup.service.drv'...
building '/nix/store/8lv4fhas0qfdy891rpssq1swdyba8g7k-unit-libvirt-guests.service.drv'...
building '/nix/store/cxnabhyrrq4l5kjb3nlyn1k39ivxwfhg-unit-virtlockd.service.drv'...
building '/nix/store/gidw28gi4kpv0r420dhyfgcxn5xrhkv6-unit-virtlogd.service.drv'...
copying path '/nix/store/0kkrjrgkq3h9nsnh0j03c3xp33rj3l3l-docker-24.0.5' from 'https://cache.nixos.org'...
building '/nix/store/kiq4hfcj78gizc9dw9wcc2jg4vi024gl-system-generators.drv'...
building '/nix/store/hy0jlknx1nn5937gh930lpq0l2r5mxwx-system-shutdown.drv'...
building '/nix/store/ijqnibvskfl5d1f66fy71n06wbjz6xff-unit-docker.service.drv'...
building '/nix/store/4gi37zsy3dq61p0k3sf8z1rf2jzs3sxq-unit-script-docker-prune-start.drv'...
building '/nix/store/wb2wfxxmybig222ck98c17pjhvy126yb-unit-docker-prune.service.drv'...
copying path '/nix/store/mygwwfxzvhijn64jbhmasvw46yy6vxx6-security-wrapper-qemu-bridge-helper-x86_64-unknown-linux-musl' from 'https://cache.nixos.org'...
building '/nix/store/bmaad421r2qjy7x5c4p2yg7anvfn9zmd-ensure-all-wrappers-paths-exist.drv'...
building '/nix/store/slx5s99zg4zjxldpgvfbp34ni1b6275n-system-path.drv'...
building '/nix/store/hxm0lm8z94221z8x8jswi324rhygx2p2-unit-libvirtd.service.drv'...
building '/nix/store/jn4vqa27bjivg764y3h0qjyr3jgp9ns8-unit-script-libvirtd-config-start.drv'...
building '/nix/store/gjsqhrwmiyr5h5lmp1mra7c3n8ybalm8-unit-script-suid-sgid-wrappers-start.drv'...
building '/nix/store/cqzyjj278kvi5djakby3l17c5yby0nka-unit-libvirtd-config.service.drv'...
building '/nix/store/s8svkjwl2v7zmz95y22xfy51h9sm5lkr-unit-suid-sgid-wrappers.service.drv'...
building '/nix/store/4a2c6a2dfsnxsn564q8hgdj6vj1nyy61-X-Restart-Triggers-polkit.drv'...
building '/nix/store/6dm0132jjk5vkwkr2i6pwcyx9737h00b-dbus-1.drv'...
building '/nix/store/x5v74n3gcz6rx90jyz62pzlxpcdbvv3l-unit-polkit.service.drv'...
building '/nix/store/wdlqy7fzlfpnv3j3dyba1bdhqsv4kk5r-X-Restart-Triggers-dbus.drv'...
building '/nix/store/hb3rjlp93llji1s9rgws0ms81g60zf2m-unit-dbus.service.drv'...
building '/nix/store/vy70d92inx7b330c4jb5kdm52c30acqs-unit-dbus.service.drv'...
building '/nix/store/gzz845yr7pnml9m4aibbl1fqdcmcjiip-system-units.drv'...
building '/nix/store/mxiv2alr518idig0v9n0wyhb5n5pr1xl-user-units.drv'...
building '/nix/store/qg5d1bm50454gh4mvcb287a209h1rbsv-etc.drv'...
building '/nix/store/5zrfsfk69yw856jbv4rl7a28wz46iinz-nixos-system-earth-24.05.20240228.9099616.drv'...
